C:\Users\kamac\source\repos\JugueteriaAppCore\WebApi\PruebaAngular\dist\out-tsc\app\app.component.js
C:\Users\kamac\source\repos\JugueteriaAppCore\WebApi\PruebaAngular\dist\out-tsc\app\app.component.js.map
C:\Users\kamac\source\repos\JugueteriaAppCore\WebApi\PruebaAngular\dist\out-tsc\environments\environment.js
C:\Users\kamac\source\repos\JugueteriaAppCore\WebApi\PruebaAngular\dist\out-tsc\environments\environment.js.map
C:\Users\kamac\source\repos\JugueteriaAppCore\WebApi\PruebaAngular\dist\out-tsc\app\models\Producto.model.js
C:\Users\kamac\source\repos\JugueteriaAppCore\WebApi\PruebaAngular\dist\out-tsc\app\models\Producto.model.js.map
C:\Users\kamac\source\repos\JugueteriaAppCore\WebApi\PruebaAngular\dist\out-tsc\app\services\producto.service.js
C:\Users\kamac\source\repos\JugueteriaAppCore\WebApi\PruebaAngular\dist\out-tsc\app\services\producto.service.js.map
C:\Users\kamac\source\repos\JugueteriaAppCore\WebApi\PruebaAngular\dist\out-tsc\app\components\producto-form\producto-form.component.js
C:\Users\kamac\source\repos\JugueteriaAppCore\WebApi\PruebaAngular\dist\out-tsc\app\components\producto-form\producto-form.component.js.map
C:\Users\kamac\source\repos\JugueteriaAppCore\WebApi\PruebaAngular\dist\out-tsc\app\pages\home\home.component.js
C:\Users\kamac\source\repos\JugueteriaAppCore\WebApi\PruebaAngular\dist\out-tsc\app\pages\home\home.component.js.map
C:\Users\kamac\source\repos\JugueteriaAppCore\WebApi\PruebaAngular\dist\out-tsc\app\app.module.js
C:\Users\kamac\source\repos\JugueteriaAppCore\WebApi\PruebaAngular\dist\out-tsc\app\app.module.js.map
C:\Users\kamac\source\repos\JugueteriaAppCore\WebApi\PruebaAngular\dist\out-tsc\main.js
C:\Users\kamac\source\repos\JugueteriaAppCore\WebApi\PruebaAngular\dist\out-tsc\main.js.map
C:\Users\kamac\source\repos\JugueteriaAppCore\WebApi\PruebaAngular\dist\out-tsc\polyfills.js
C:\Users\kamac\source\repos\JugueteriaAppCore\WebApi\PruebaAngular\dist\out-tsc\polyfills.js.map
C:\Users\kamac\source\repos\JugueteriaAppCore\WebApi\PruebaAngular\dist\out-tsc\test.js
C:\Users\kamac\source\repos\JugueteriaAppCore\WebApi\PruebaAngular\dist\out-tsc\test.js.map
C:\Users\kamac\source\repos\JugueteriaAppCore\WebApi\PruebaAngular\dist\out-tsc\app\app.component.spec.js
C:\Users\kamac\source\repos\JugueteriaAppCore\WebApi\PruebaAngular\dist\out-tsc\app\app.component.spec.js.map
C:\Users\kamac\source\repos\JugueteriaAppCore\WebApi\PruebaAngular\dist\out-tsc\app\components\producto-form\producto-form.component.spec.js
C:\Users\kamac\source\repos\JugueteriaAppCore\WebApi\PruebaAngular\dist\out-tsc\app\components\producto-form\producto-form.component.spec.js.map
C:\Users\kamac\source\repos\JugueteriaAppCore\WebApi\PruebaAngular\dist\out-tsc\app\services\producto.service.spec.js
C:\Users\kamac\source\repos\JugueteriaAppCore\WebApi\PruebaAngular\dist\out-tsc\app\services\producto.service.spec.js.map
C:\Users\kamac\source\repos\JugueteriaAppCore\WebApi\PruebaAngular\dist\out-tsc\environments\environment.prod.js
C:\Users\kamac\source\repos\JugueteriaAppCore\WebApi\PruebaAngular\dist\out-tsc\environments\environment.prod.js.map
